<?xml version="1.0" encoding="UTF-8"?>
<!-- Generated by org.testng.reporters.JUnitXMLReporter -->
<testsuite hostname="LAPTOP-AS8LDC74" ignored="0" name="Default test" tests="3" failures="1" timestamp="31 May 2022 14:43:08 GMT" time="63.684" errors="0">
  <testcase name="runScenario" time="39.718" classname="io.cucumber.testng.AbstractTestNGCucumberTests">
    <failure type="org.junit.ComparisonFailure" message="expected:&amp;lt;[Login] - My Store&amp;gt; but was:&amp;lt;[My account] - My Store&amp;gt;">
      <![CDATA[org.junit.ComparisonFailure: expected:<[Login] - My Store> but was:<[My account] - My Store>
at org.junit.Assert.assertEquals(Assert.java:117)
at org.junit.Assert.assertEquals(Assert.java:146)
at parallel.AccountsSteps.accounts_page_title_should_be_displayed_as(AccountsSteps.java:29)
at ✽.Accounts page title should be displayed as "My account - My Store"(file:///C:/Shameer/Selenium/CucumberTestNG/src/test/resources/parallel/AccountsPage.feature:10)
]]>
    </failure>
  </testcase> <!-- runScenario -->
  <testcase name="runScenario" time="45.848" classname="io.cucumber.testng.AbstractTestNGCucumberTests"/>
  <testcase name="runScenario" time="58.111" classname="io.cucumber.testng.AbstractTestNGCucumberTests"/>
</testsuite> <!-- Default test -->
