-------------------------------------------------------------------------------
Test set: Accounts page validation
-------------------------------------------------------------------------------
Tests run: 2, Failures: 1, Errors: 0, Skipped: 0, Time elapsed: 33.782 s <<< FAILURE! - in Accounts page validation
Verify Accounts page title #2(Accounts page validation)  Time elapsed: 13.517 s  <<< FAILURE!
org.junit.ComparisonFailure: expected:<[Login] - My Store> but was:<[My account] - My Store>

