<?xml version="1.0" encoding="UTF-8"?>
<!-- Generated by org.testng.reporters.JUnitReportReporter -->
<testsuite skipped="0" hostname="LAPTOP-AS8LDC74" name="parallel.ParallelRun" tests="3" failures="1" timestamp="31 May 2022 14:43:09 GMT" time="143.677" errors="0">
  <testcase name="runScenario" time="45.848" classname="parallel.ParallelRun"/>
  <testcase name="runScenario" time="58.111" classname="parallel.ParallelRun"/>
  <testcase name="runScenario" time="39.718" classname="parallel.ParallelRun">
    <failure type="org.junit.ComparisonFailure" message="expected:&lt;[Login] - My Store&gt; but was:&lt;[My account] - My Store&gt;">
      <![CDATA[org.junit.ComparisonFailure: expected:<[Login] - My Store> but was:<[My account] - My Store>
at org.junit.Assert.assertEquals(Assert.java:117)
at org.junit.Assert.assertEquals(Assert.java:146)
at parallel.AccountsSteps.accounts_page_title_should_be_displayed_as(AccountsSteps.java:29)
at ✽.Accounts page title should be displayed as "My account - My Store"(file:///C:/Shameer/Selenium/CucumberTestNG/src/test/resources/parallel/AccountsPage.feature:10)
]]>
    </failure>
  </testcase> <!-- runScenario -->
</testsuite> <!-- parallel.ParallelRun -->
